2021-05-10 12:17:59.629 +06:00 [INF] Application Starting Up
2021-05-10 12:20:26.486 +06:00 [INF] Application Starting Up
2021-05-10 12:20:27.942 +06:00 [FTL] Application Starting Failed
System.AggregateException: Some services are not able to be constructed (Error while validating the service descriptor 'ServiceType: SecondDemo.Services.IDatabaseService Lifetime: Transient ImplementationType: SecondDemo.Services.SimpleDataBaseServcice': Unable to resolve service for type 'SecondDemo.Services.IDataDriver' while attempting to activate 'SecondDemo.Services.SimpleDataBaseServcice'.)
 ---> System.InvalidOperationException: Error while validating the service descriptor 'ServiceType: SecondDemo.Services.IDatabaseService Lifetime: Transient ImplementationType: SecondDemo.Services.SimpleDataBaseServcice': Unable to resolve service for type 'SecondDemo.Services.IDataDriver' while attempting to activate 'SecondDemo.Services.SimpleDataBaseServcice'.
 ---> System.InvalidOperationException: Unable to resolve service for type 'SecondDemo.Services.IDataDriver' while attempting to activate 'SecondDemo.Services.SimpleDataBaseServcice'.
   at Microsoft.Extensions.DependencyInjection.ServiceLookup.CallSiteFactory.CreateArgumentCallSites(Type serviceType, Type implementationType, CallSiteChain callSiteChain, ParameterInfo[] parameters, Boolean throwIfCallSiteNotFound)
   at Microsoft.Extensions.DependencyInjection.ServiceLookup.CallSiteFactory.CreateConstructorCallSite(ResultCache lifetime, Type serviceType, Type implementationType, CallSiteChain callSiteChain)
   at Microsoft.Extensions.DependencyInjection.ServiceLookup.CallSiteFactory.TryCreateExact(ServiceDescriptor descriptor, Type serviceType, CallSiteChain callSiteChain, Int32 slot)
   at Microsoft.Extensions.DependencyInjection.ServiceLookup.CallSiteFactory.GetCallSite(ServiceDescriptor serviceDescriptor, CallSiteChain callSiteChain)
   at Microsoft.Extensions.DependencyInjection.ServiceLookup.ServiceProviderEngine.ValidateService(ServiceDescriptor descriptor)
   --- End of inner exception stack trace ---
   at Microsoft.Extensions.DependencyInjection.ServiceLookup.ServiceProviderEngine.ValidateService(ServiceDescriptor descriptor)
   at Microsoft.Extensions.DependencyInjection.ServiceProvider..ctor(IEnumerable`1 serviceDescriptors, IServiceProviderEngine engine, ServiceProviderOptions options)
   --- End of inner exception stack trace ---
   at Microsoft.Extensions.DependencyInjection.ServiceProvider..ctor(IEnumerable`1 serviceDescriptors, IServiceProviderEngine engine, ServiceProviderOptions options)
   at Microsoft.Extensions.DependencyInjection.ServiceCollectionContainerBuilderExtensions.BuildServiceProvider(IServiceCollection services, ServiceProviderOptions options)
   at Microsoft.Extensions.DependencyInjection.DefaultServiceProviderFactory.CreateServiceProvider(IServiceCollection containerBuilder)
   at Microsoft.Extensions.Hosting.Internal.ServiceFactoryAdapter`1.CreateServiceProvider(Object containerBuilder)
   at Microsoft.Extensions.Hosting.HostBuilder.CreateServiceProvider()
   at Microsoft.Extensions.Hosting.HostBuilder.Build()
   at SecondDemo.Program.Main(String[] args) in G:\ASP.NET\SecondDemo\SecondDemo\Program.cs:line 33
2021-05-10 12:21:48.439 +06:00 [INF] Application Starting Up
2021-05-10 12:22:36.414 +06:00 [INF] Application Starting Up
2021-05-10 12:33:12.214 +06:00 [INF] Application Starting Up
2021-05-10 12:34:11.061 +06:00 [INF] Application Starting Up
2021-05-10 12:34:45.039 +06:00 [INF] Application Starting Up
