2021-07-25 11:16:01.019 +06:00 [INF] Application Starting up
2021-07-25 11:18:44.119 +06:00 [INF] Application Starting up
2021-07-25 11:19:03.546 +06:00 [ERR] Attendance is not edited
System.InvalidOperationException: Date is not Today
   at AttendanceSystem.Management.Services.AttendanceService.Update(Attendance attendance) in G:\ASP.NET\Assignment3\AttendanceSystem\AttendanceSystem.Management\Services\AttendanceService.cs:line 89
   at AttendanceSystem.Web.Areas.Admin.Models.Attendances.EditAttendanceModel.Update() in G:\ASP.NET\Assignment3\AttendanceSystem\AttendanceSystem.Web\Areas\Admin\Models\Attendances\EditAttendanceModel.cs:line 43
   at AttendanceSystem.Web.Areas.Admin.Controllers.AttendanceController.Edit(EditAttendanceModel model) in G:\ASP.NET\Assignment3\AttendanceSystem\AttendanceSystem.Web\Areas\Admin\Controllers\AttendanceController.cs:line 69
2021-07-25 11:19:09.851 +06:00 [ERR] Attendance is not edited
System.InvalidOperationException: Date is not Today
   at AttendanceSystem.Management.Services.AttendanceService.Update(Attendance attendance) in G:\ASP.NET\Assignment3\AttendanceSystem\AttendanceSystem.Management\Services\AttendanceService.cs:line 89
   at AttendanceSystem.Web.Areas.Admin.Models.Attendances.EditAttendanceModel.Update() in G:\ASP.NET\Assignment3\AttendanceSystem\AttendanceSystem.Web\Areas\Admin\Models\Attendances\EditAttendanceModel.cs:line 43
   at AttendanceSystem.Web.Areas.Admin.Controllers.AttendanceController.Edit(EditAttendanceModel model) in G:\ASP.NET\Assignment3\AttendanceSystem\AttendanceSystem.Web\Areas\Admin\Controllers\AttendanceController.cs:line 69
2021-07-25 11:19:27.244 +06:00 [ERR] Attendance is not edited
System.InvalidOperationException: Date is not Today
   at AttendanceSystem.Management.Services.AttendanceService.Update(Attendance attendance) in G:\ASP.NET\Assignment3\AttendanceSystem\AttendanceSystem.Management\Services\AttendanceService.cs:line 89
   at AttendanceSystem.Web.Areas.Admin.Models.Attendances.EditAttendanceModel.Update() in G:\ASP.NET\Assignment3\AttendanceSystem\AttendanceSystem.Web\Areas\Admin\Models\Attendances\EditAttendanceModel.cs:line 43
   at AttendanceSystem.Web.Areas.Admin.Controllers.AttendanceController.Edit(EditAttendanceModel model) in G:\ASP.NET\Assignment3\AttendanceSystem\AttendanceSystem.Web\Areas\Admin\Controllers\AttendanceController.cs:line 69
2021-07-25 11:24:23.373 +06:00 [INF] Application Starting up
2021-07-25 11:24:44.453 +06:00 [ERR] Attendance is not edited
System.InvalidOperationException: Date is not Today
   at AttendanceSystem.Management.Services.AttendanceService.Update(Attendance attendance) in G:\ASP.NET\Assignment3\AttendanceSystem\AttendanceSystem.Management\Services\AttendanceService.cs:line 89
   at AttendanceSystem.Web.Areas.Admin.Models.Attendances.EditAttendanceModel.Update() in G:\ASP.NET\Assignment3\AttendanceSystem\AttendanceSystem.Web\Areas\Admin\Models\Attendances\EditAttendanceModel.cs:line 43
   at AttendanceSystem.Web.Areas.Admin.Controllers.AttendanceController.Edit(EditAttendanceModel model) in G:\ASP.NET\Assignment3\AttendanceSystem\AttendanceSystem.Web\Areas\Admin\Controllers\AttendanceController.cs:line 69
2021-07-25 11:25:01.438 +06:00 [ERR] Attendance is not edited
System.InvalidOperationException: Date is not Today
   at AttendanceSystem.Management.Services.AttendanceService.Update(Attendance attendance) in G:\ASP.NET\Assignment3\AttendanceSystem\AttendanceSystem.Management\Services\AttendanceService.cs:line 89
   at AttendanceSystem.Web.Areas.Admin.Models.Attendances.EditAttendanceModel.Update() in G:\ASP.NET\Assignment3\AttendanceSystem\AttendanceSystem.Web\Areas\Admin\Models\Attendances\EditAttendanceModel.cs:line 43
   at AttendanceSystem.Web.Areas.Admin.Controllers.AttendanceController.Edit(EditAttendanceModel model) in G:\ASP.NET\Assignment3\AttendanceSystem\AttendanceSystem.Web\Areas\Admin\Controllers\AttendanceController.cs:line 69
2021-07-25 11:50:54.291 +06:00 [INF] Application Starting up
2021-07-25 11:51:19.093 +06:00 [ERR] The view 'Delete' was not found. Searched locations: ["/Areas/Admin/Views/Attendance/Delete.cshtml","/Areas/Admin/Views/Shared/Delete.cshtml","/Views/Shared/Delete.cshtml","/Pages/Shared/Delete.cshtml"]
2021-07-25 11:51:19.118 +06:00 [ERR] An unhandled exception has occurred while executing the request.
System.InvalidOperationException: The view 'Delete' was not found. The following locations were searched:
/Areas/Admin/Views/Attendance/Delete.cshtml
/Areas/Admin/Views/Shared/Delete.cshtml
/Views/Shared/Delete.cshtml
/Pages/Shared/Delete.cshtml
   at Microsoft.AspNetCore.Mvc.ViewEngines.ViewEngineResult.EnsureSuccessful(IEnumerable`1 originalLocations)
   at Microsoft.AspNetCore.Mvc.ViewFeatures.ViewResultExecutor.ExecuteAsync(ActionContext context, ViewResult result)
   at Microsoft.AspNetCore.Mvc.ViewResult.ExecuteResultAsync(ActionContext context)
   at Microsoft.AspNetCore.Mvc.Infrastructure.ResourceInvoker.<InvokeNextResultFilterAsync>g__Awaited|29_0[TFilter,TFilterAsync](ResourceInvoker invoker, Task lastTask, State next, Scope scope, Object state, Boolean isCompleted)
   at Microsoft.AspNetCore.Mvc.Infrastructure.ResourceInvoker.Rethrow(ResultExecutedContextSealed context)
   at Microsoft.AspNetCore.Mvc.Infrastructure.ResourceInvoker.ResultNext[TFilter,TFilterAsync](State& next, Scope& scope, Object& state, Boolean& isCompleted)
   at Microsoft.AspNetCore.Mvc.Infrastructure.ResourceInvoker.InvokeResultFilters()
--- End of stack trace from previous location ---
   at Microsoft.AspNetCore.Mvc.Infrastructure.ResourceInvoker.<InvokeNextResourceFilter>g__Awaited|24_0(ResourceInvoker invoker, Task lastTask, State next, Scope scope, Object state, Boolean isCompleted)
   at Microsoft.AspNetCore.Mvc.Infrastructure.ResourceInvoker.Rethrow(ResourceExecutedContextSealed context)
   at Microsoft.AspNetCore.Mvc.Infrastructure.ResourceInvoker.Next(State& next, Scope& scope, Object& state, Boolean& isCompleted)
   at Microsoft.AspNetCore.Mvc.Infrastructure.ResourceInvoker.InvokeFilterPipelineAsync()
--- End of stack trace from previous location ---
   at Microsoft.AspNetCore.Mvc.Infrastructure.ResourceInvoker.<InvokeAsync>g__Awaited|17_0(ResourceInvoker invoker, Task task, IDisposable scope)
   at Microsoft.AspNetCore.Routing.EndpointMiddleware.<Invoke>g__AwaitRequestTask|6_0(Endpoint endpoint, Task requestTask, ILogger logger)
   at Microsoft.AspNetCore.Authorization.AuthorizationMiddleware.Invoke(HttpContext context)
   at Microsoft.AspNetCore.Authentication.AuthenticationMiddleware.Invoke(HttpContext context)
   at Microsoft.AspNetCore.Diagnostics.EntityFrameworkCore.MigrationsEndPointMiddleware.Invoke(HttpContext context)
   at Microsoft.AspNetCore.Diagnostics.DeveloperExceptionPageMiddleware.Invoke(HttpContext context)
2021-07-25 11:54:54.955 +06:00 [INF] Application Starting up
2021-07-25 11:55:47.054 +06:00 [ERR] The view 'Delete' was not found. Searched locations: ["/Areas/Admin/Views/Attendance/Delete.cshtml","/Areas/Admin/Views/Shared/Delete.cshtml","/Views/Shared/Delete.cshtml","/Pages/Shared/Delete.cshtml"]
2021-07-25 11:55:47.073 +06:00 [ERR] An unhandled exception has occurred while executing the request.
System.InvalidOperationException: The view 'Delete' was not found. The following locations were searched:
/Areas/Admin/Views/Attendance/Delete.cshtml
/Areas/Admin/Views/Shared/Delete.cshtml
/Views/Shared/Delete.cshtml
/Pages/Shared/Delete.cshtml
   at Microsoft.AspNetCore.Mvc.ViewEngines.ViewEngineResult.EnsureSuccessful(IEnumerable`1 originalLocations)
   at Microsoft.AspNetCore.Mvc.ViewFeatures.ViewResultExecutor.ExecuteAsync(ActionContext context, ViewResult result)
   at Microsoft.AspNetCore.Mvc.ViewResult.ExecuteResultAsync(ActionContext context)
   at Microsoft.AspNetCore.Mvc.Infrastructure.ResourceInvoker.<InvokeNextResultFilterAsync>g__Awaited|29_0[TFilter,TFilterAsync](ResourceInvoker invoker, Task lastTask, State next, Scope scope, Object state, Boolean isCompleted)
   at Microsoft.AspNetCore.Mvc.Infrastructure.ResourceInvoker.Rethrow(ResultExecutedContextSealed context)
   at Microsoft.AspNetCore.Mvc.Infrastructure.ResourceInvoker.ResultNext[TFilter,TFilterAsync](State& next, Scope& scope, Object& state, Boolean& isCompleted)
   at Microsoft.AspNetCore.Mvc.Infrastructure.ResourceInvoker.InvokeResultFilters()
--- End of stack trace from previous location ---
   at Microsoft.AspNetCore.Mvc.Infrastructure.ResourceInvoker.<InvokeNextResourceFilter>g__Awaited|24_0(ResourceInvoker invoker, Task lastTask, State next, Scope scope, Object state, Boolean isCompleted)
   at Microsoft.AspNetCore.Mvc.Infrastructure.ResourceInvoker.Rethrow(ResourceExecutedContextSealed context)
   at Microsoft.AspNetCore.Mvc.Infrastructure.ResourceInvoker.Next(State& next, Scope& scope, Object& state, Boolean& isCompleted)
   at Microsoft.AspNetCore.Mvc.Infrastructure.ResourceInvoker.InvokeFilterPipelineAsync()
--- End of stack trace from previous location ---
   at Microsoft.AspNetCore.Mvc.Infrastructure.ResourceInvoker.<InvokeAsync>g__Awaited|17_0(ResourceInvoker invoker, Task task, IDisposable scope)
   at Microsoft.AspNetCore.Routing.EndpointMiddleware.<Invoke>g__AwaitRequestTask|6_0(Endpoint endpoint, Task requestTask, ILogger logger)
   at Microsoft.AspNetCore.Authorization.AuthorizationMiddleware.Invoke(HttpContext context)
   at Microsoft.AspNetCore.Authentication.AuthenticationMiddleware.Invoke(HttpContext context)
   at Microsoft.AspNetCore.Diagnostics.EntityFrameworkCore.MigrationsEndPointMiddleware.Invoke(HttpContext context)
   at Microsoft.AspNetCore.Diagnostics.DeveloperExceptionPageMiddleware.Invoke(HttpContext context)
2021-07-25 11:57:43.044 +06:00 [INF] Application Starting up
2021-07-25 11:58:34.503 +06:00 [ERR] Attendance Creation Failed
System.InvalidOperationException: Date is not Today
   at AttendanceSystem.Management.Services.AttendanceService.Create(Attendance attendance) in G:\ASP.NET\Assignment3\AttendanceSystem\AttendanceSystem.Management\Services\AttendanceService.cs:line 32
   at AttendanceSystem.Web.Areas.Admin.Models.Attendances.CreateAttendanceModel.CreateAttendance() in G:\ASP.NET\Assignment3\AttendanceSystem\AttendanceSystem.Web\Areas\Admin\Models\Attendances\CreateAttendanceModel.cs:line 37
   at AttendanceSystem.Web.Areas.Admin.Controllers.AttendanceController.Create(CreateAttendanceModel model) in G:\ASP.NET\Assignment3\AttendanceSystem\AttendanceSystem.Web\Areas\Admin\Controllers\AttendanceController.cs:line 44
2021-07-25 12:37:28.481 +06:00 [INF] Application Starting up
