2021-08-25 22:17:26.491 +06:00 [INF] Application Starting up
2021-08-25 22:19:03.202 +06:00 [INF] User logged in.
2021-08-25 22:53:54.753 +06:00 [INF] Application Starting up
2021-08-25 22:55:04.750 +06:00 [INF] User logged in.
2021-08-25 22:58:29.405 +06:00 [WRN] Invalid password for user.
2021-08-25 22:58:29.406 +06:00 [WRN] User failed to provide the correct password.
2021-08-25 23:07:27.037 +06:00 [INF] Application Starting up
2021-08-25 23:08:55.304 +06:00 [INF] User logged in.
2021-08-25 23:11:31.417 +06:00 [INF] User logged out.
2021-08-25 23:16:10.407 +06:00 [INF] Application Starting up
2021-08-25 23:17:11.861 +06:00 [INF] User logged in.
2021-08-25 23:24:26.540 +06:00 [INF] Application Starting up
2021-08-25 23:24:50.016 +06:00 [INF] User logged in.
2021-08-25 23:27:49.209 +06:00 [INF] Application Starting up
2021-08-25 23:28:12.537 +06:00 [INF] User logged in.
2021-08-25 23:32:51.949 +06:00 [INF] Application Starting up
2021-08-25 23:33:34.535 +06:00 [INF] User logged in.
2021-08-25 23:42:24.576 +06:00 [INF] Application Starting up
2021-08-25 23:43:11.182 +06:00 [INF] User logged in.
2021-08-25 23:49:18.546 +06:00 [INF] Application Starting up
2021-08-25 23:50:21.455 +06:00 [INF] User logged in.
