2021-07-19 14:06:32.011 +06:00 [INF] Application Starting up
2021-07-19 14:07:13.067 +06:00 [ERR] An unhandled exception has occurred while executing the request.
Microsoft.AspNetCore.Routing.Matching.AmbiguousMatchException: The request matched multiple endpoints. Matches: 

ProjectEntityFrameWork.Areas.Admin.Controllers.CourseController.Edit (ProjectEntityFrameWork)
ProjectEntityFrameWork.Areas.Admin.Controllers.CourseController.Edit (ProjectEntityFrameWork)
   at Microsoft.AspNetCore.Routing.Matching.DefaultEndpointSelector.ReportAmbiguity(CandidateState[] candidateState)
   at Microsoft.AspNetCore.Routing.Matching.DefaultEndpointSelector.ProcessFinalCandidates(HttpContext httpContext, CandidateState[] candidateState)
   at Microsoft.AspNetCore.Routing.Matching.DefaultEndpointSelector.Select(HttpContext httpContext, CandidateState[] candidateState)
   at Microsoft.AspNetCore.Routing.Matching.DfaMatcher.MatchAsync(HttpContext httpContext)
   at Microsoft.AspNetCore.Routing.Matching.DataSourceDependentMatcher.MatchAsync(HttpContext httpContext)
   at Microsoft.AspNetCore.Routing.EndpointRoutingMiddleware.Invoke(HttpContext httpContext)
   at Microsoft.AspNetCore.StaticFiles.StaticFileMiddleware.Invoke(HttpContext context)
   at Microsoft.AspNetCore.HttpsPolicy.HttpsRedirectionMiddleware.Invoke(HttpContext context)
   at Microsoft.AspNetCore.Diagnostics.EntityFrameworkCore.MigrationsEndPointMiddleware.Invoke(HttpContext context)
   at Microsoft.AspNetCore.Diagnostics.DeveloperExceptionPageMiddleware.Invoke(HttpContext context)
2021-07-19 14:08:26.373 +06:00 [INF] Application Starting up
2021-07-19 14:11:22.743 +06:00 [INF] Application Starting up
2021-07-19 14:16:08.543 +06:00 [INF] Application Starting up
2021-07-19 23:04:05.894 +06:00 [INF] Application Starting up
2021-07-19 23:05:46.555 +06:00 [INF] Application Starting up
2021-07-19 23:57:51.341 +06:00 [INF] Application Starting up
2021-07-19 23:59:47.850 +06:00 [INF] Application Starting up
