2021-08-28 12:45:37.327 +06:00 [INF] Application Starting up
2021-08-28 21:41:08.216 +06:00 [INF] Application Starting up
2021-08-28 22:02:25.507 +06:00 [INF] Application Starting up
2021-08-28 22:03:37.738 +06:00 [INF] User logged in.
2021-08-28 22:10:56.054 +06:00 [INF] Application Starting up
2021-08-28 22:13:39.115 +06:00 [INF] Application Starting up
2021-08-28 22:14:22.368 +06:00 [INF] User logged in.
2021-08-28 22:16:59.680 +06:00 [INF] Application Starting up
2021-08-28 22:24:54.871 +06:00 [INF] Application Starting up
2021-08-28 22:25:36.072 +06:00 [WRN] Invalid password for user.
2021-08-28 22:25:36.081 +06:00 [WRN] User failed to provide the correct password.
2021-08-28 22:25:50.418 +06:00 [INF] User logged in.
2021-08-28 22:35:47.496 +06:00 [INF] Application Starting up
2021-08-28 22:36:27.932 +06:00 [INF] User logged in.
2021-08-28 23:13:35.822 +06:00 [INF] Application Starting up
2021-08-28 23:14:19.326 +06:00 [INF] User logged in.
2021-08-28 23:15:19.378 +06:00 [INF] Application Starting up
2021-08-28 23:15:57.546 +06:00 [INF] User logged out.
2021-08-28 23:16:12.171 +06:00 [INF] User logged in.
2021-08-28 23:20:17.766 +06:00 [INF] Application Starting up
2021-08-28 23:21:16.387 +06:00 [INF] User logged in.
2021-08-28 23:25:07.492 +06:00 [INF] Application Starting up
2021-08-28 23:34:28.292 +06:00 [INF] Application Starting up
2021-08-28 23:34:49.740 +06:00 [INF] User logged in.
2021-08-28 23:36:58.456 +06:00 [INF] Application Starting up
2021-08-28 23:37:23.604 +06:00 [INF] User logged in.
