2021-07-06 11:26:56.113 +06:00 [INF] Application Starting up
2021-07-06 11:28:53.827 +06:00 [ERR] Course Creation Failed
System.InvalidOperationException: Course already exists
   at ProjectEntityFrameWork.Training.Services.CourseService.CreateCourse(Course course) in G:\ASP.NET\ProjectEntityFrameWork\ProjectEntityFrameWork.Training\Services\CourseService.cs:line 59
   at ProjectEntityFrameWork.Areas.Admin.Models.CreateCourseModel.CreateCourse() in G:\ASP.NET\ProjectEntityFrameWork\ProjectEntityFrameWork\Areas\Admin\Models\CreateCourseModel.cs:line 38
   at ProjectEntityFrameWork.Areas.Admin.Controllers.CourseController.Create(CreateCourseModel courseModel) in G:\ASP.NET\ProjectEntityFrameWork\ProjectEntityFrameWork\Areas\Admin\Controllers\CourseController.cs:line 54
2021-07-06 11:29:46.547 +06:00 [INF] Application Starting up
2021-07-06 11:31:33.488 +06:00 [INF] Application Starting up
2021-07-06 11:32:20.830 +06:00 [ERR] Course Creation Failed
System.InvalidOperationException: Course already exists
   at ProjectEntityFrameWork.Training.Services.CourseService.CreateCourse(Course course) in G:\ASP.NET\ProjectEntityFrameWork\ProjectEntityFrameWork.Training\Services\CourseService.cs:line 59
   at ProjectEntityFrameWork.Areas.Admin.Models.CreateCourseModel.CreateCourse() in G:\ASP.NET\ProjectEntityFrameWork\ProjectEntityFrameWork\Areas\Admin\Models\CreateCourseModel.cs:line 38
   at ProjectEntityFrameWork.Areas.Admin.Controllers.CourseController.Create(CreateCourseModel courseModel) in G:\ASP.NET\ProjectEntityFrameWork\ProjectEntityFrameWork\Areas\Admin\Controllers\CourseController.cs:line 54
2021-07-06 12:51:02.598 +06:00 [INF] Application Starting up
2021-07-06 12:51:48.734 +06:00 [ERR] Course Creation Failed
ProjectEntityFrameWork.Training.Exceptions.DuplicateTitleException: Course Title already exists
   at ProjectEntityFrameWork.Training.Services.CourseService.CreateCourse(Course course) in G:\ASP.NET\ProjectEntityFrameWork\ProjectEntityFrameWork.Training\Services\CourseService.cs:line 49
   at ProjectEntityFrameWork.Areas.Admin.Models.CreateCourseModel.CreateCourse() in G:\ASP.NET\ProjectEntityFrameWork\ProjectEntityFrameWork\Areas\Admin\Models\CreateCourseModel.cs:line 38
   at ProjectEntityFrameWork.Areas.Admin.Controllers.CourseController.Create(CreateCourseModel courseModel) in G:\ASP.NET\ProjectEntityFrameWork\ProjectEntityFrameWork\Areas\Admin\Controllers\CourseController.cs:line 54
2021-07-06 16:03:10.531 +06:00 [INF] Application Starting up
2021-07-06 16:03:25.549 +06:00 [ERR] An unhandled exception has occurred while executing the request.
System.InvalidOperationException: The following sections have been defined but have not been rendered by the page at '/Areas/Admin/Views/Shared/_Layout.cshtml': 'Styles'. To ignore an unrendered section call IgnoreSection("sectionName").
   at Microsoft.AspNetCore.Mvc.Razor.RazorPage.EnsureRenderedBodyOrSections()
   at Microsoft.AspNetCore.Mvc.Razor.RazorView.RenderLayoutAsync(ViewContext context, ViewBufferTextWriter bodyWriter)
   at Microsoft.AspNetCore.Mvc.Razor.RazorView.RenderAsync(ViewContext context)
   at Microsoft.AspNetCore.Mvc.ViewFeatures.ViewExecutor.ExecuteAsync(ViewContext viewContext, String contentType, Nullable`1 statusCode)
   at Microsoft.AspNetCore.Mvc.ViewFeatures.ViewExecutor.ExecuteAsync(ViewContext viewContext, String contentType, Nullable`1 statusCode)
   at Microsoft.AspNetCore.Mvc.ViewFeatures.ViewExecutor.ExecuteAsync(ActionContext actionContext, IView view, ViewDataDictionary viewData, ITempDataDictionary tempData, String contentType, Nullable`1 statusCode)
   at Microsoft.AspNetCore.Mvc.ViewFeatures.ViewResultExecutor.ExecuteAsync(ActionContext context, ViewResult result)
   at Microsoft.AspNetCore.Mvc.ViewResult.ExecuteResultAsync(ActionContext context)
   at Microsoft.AspNetCore.Mvc.Infrastructure.ResourceInvoker.<InvokeNextResultFilterAsync>g__Awaited|29_0[TFilter,TFilterAsync](ResourceInvoker invoker, Task lastTask, State next, Scope scope, Object state, Boolean isCompleted)
   at Microsoft.AspNetCore.Mvc.Infrastructure.ResourceInvoker.Rethrow(ResultExecutedContextSealed context)
   at Microsoft.AspNetCore.Mvc.Infrastructure.ResourceInvoker.ResultNext[TFilter,TFilterAsync](State& next, Scope& scope, Object& state, Boolean& isCompleted)
   at Microsoft.AspNetCore.Mvc.Infrastructure.ResourceInvoker.InvokeResultFilters()
--- End of stack trace from previous location ---
   at Microsoft.AspNetCore.Mvc.Infrastructure.ResourceInvoker.<InvokeNextResourceFilter>g__Awaited|24_0(ResourceInvoker invoker, Task lastTask, State next, Scope scope, Object state, Boolean isCompleted)
   at Microsoft.AspNetCore.Mvc.Infrastructure.ResourceInvoker.Rethrow(ResourceExecutedContextSealed context)
   at Microsoft.AspNetCore.Mvc.Infrastructure.ResourceInvoker.Next(State& next, Scope& scope, Object& state, Boolean& isCompleted)
   at Microsoft.AspNetCore.Mvc.Infrastructure.ResourceInvoker.InvokeFilterPipelineAsync()
--- End of stack trace from previous location ---
   at Microsoft.AspNetCore.Mvc.Infrastructure.ResourceInvoker.<InvokeAsync>g__Awaited|17_0(ResourceInvoker invoker, Task task, IDisposable scope)
   at Microsoft.AspNetCore.Routing.EndpointMiddleware.<Invoke>g__AwaitRequestTask|6_0(Endpoint endpoint, Task requestTask, ILogger logger)
   at Microsoft.AspNetCore.Authorization.AuthorizationMiddleware.Invoke(HttpContext context)
   at Microsoft.AspNetCore.Authentication.AuthenticationMiddleware.Invoke(HttpContext context)
   at Microsoft.AspNetCore.Diagnostics.EntityFrameworkCore.MigrationsEndPointMiddleware.Invoke(HttpContext context)
   at Microsoft.AspNetCore.Diagnostics.DeveloperExceptionPageMiddleware.Invoke(HttpContext context)
2021-07-06 16:04:42.957 +06:00 [INF] Application Starting up
2021-07-06 16:07:03.633 +06:00 [INF] Application Starting up
2021-07-06 16:08:11.204 +06:00 [INF] Application Starting up
2021-07-06 16:10:01.355 +06:00 [INF] Application Starting up
2021-07-06 16:12:38.898 +06:00 [INF] Application Starting up
2021-07-06 16:14:51.194 +06:00 [INF] Application Starting up
2021-07-06 16:16:44.642 +06:00 [INF] Application Starting up
