2021-08-24 00:12:35.167 +06:00 [INF] Application Starting up
2021-08-24 00:46:26.808 +06:00 [INF] Application Starting up
2021-08-24 00:46:31.864 +06:00 [FTL] Application start-up failed
System.ArgumentException: The type 'ECommerceSystem.ECommerce.Repositories.ProductRepository' is not assignable to service 'ECommerceSystem.ECommerce.Repositories.IProductRepository'.
   at Autofac.Builder.RegistrationBuilder.CreateRegistration(Guid id, RegistrationData data, IInstanceActivator activator, IResolvePipelineBuilder pipelineBuilder, Service[] services, IComponentRegistration target)
   at Autofac.Builder.RegistrationBuilder.CreateRegistration[TLimit,TActivatorData,TSingleRegistrationStyle](IRegistrationBuilder`3 builder)
   at Autofac.Builder.RegistrationBuilder.RegisterSingleComponent[TLimit,TActivatorData,TSingleRegistrationStyle](IComponentRegistryBuilder cr, IRegistrationBuilder`3 builder)
   at Autofac.RegistrationExtensions.<>c__DisplayClass37_0`1.<RegisterType>b__0(IComponentRegistryBuilder cr)
   at Autofac.ContainerBuilder.Build(IComponentRegistryBuilder componentRegistry, Boolean excludeDefaultModules)
   at Autofac.ContainerBuilder.UpdateRegistry(IComponentRegistryBuilder componentRegistry)
   at Autofac.Module.Configure(IComponentRegistryBuilder componentRegistry)
   at Autofac.ContainerBuilder.Build(IComponentRegistryBuilder componentRegistry, Boolean excludeDefaultModules)
   at Autofac.ContainerBuilder.Build(ContainerBuildOptions options)
   at Autofac.Extensions.DependencyInjection.AutofacServiceProviderFactory.CreateServiceProvider(ContainerBuilder containerBuilder)
   at Microsoft.Extensions.Hosting.Internal.ServiceFactoryAdapter`1.CreateServiceProvider(Object containerBuilder)
   at Microsoft.Extensions.Hosting.HostBuilder.CreateServiceProvider()
   at Microsoft.Extensions.Hosting.HostBuilder.Build()
   at ECommerceSystem.Web.Program.Main(String[] args) in G:\ASP.NET\ECommerceSystem\ECommerceSystem.Web\Program.cs:line 33
2021-08-24 00:48:31.086 +06:00 [INF] Application Starting up
2021-08-24 00:51:17.670 +06:00 [INF] Application Starting up
2021-08-24 00:54:08.592 +06:00 [INF] Application Starting up
2021-08-24 23:50:53.349 +06:00 [INF] Application Starting up
