2021-09-02 01:53:31.197 +06:00 [INF] Application Starting up
2021-09-02 01:53:42.798 +06:00 [INF] Worker running at: "2021-09-02T01:53:42.7870415+06:00"
2021-09-02 02:01:40.307 +06:00 [INF] Application Starting up
2021-09-02 02:02:00.404 +06:00 [INF] Worker running at: "2021-09-02T02:02:00.3945640+06:00"
2021-09-02 02:02:20.609 +06:00 [INF] Worker running at: "2021-09-02T02:02:20.6097523+06:00"
2021-09-02 02:02:44.060 +06:00 [INF] Worker running at: "2021-09-02T02:02:44.0608326+06:00"
2021-09-02 02:03:10.460 +06:00 [INF] Worker running at: "2021-09-02T02:03:10.4603536+06:00"
2021-09-02 10:57:01.795 +06:00 [INF] Application Starting up
2021-09-02 10:57:19.826 +06:00 [INF] Worker running at: "2021-09-02T10:57:19.8124022+06:00"
2021-09-02 10:57:44.899 +06:00 [INF] Worker running at: "2021-09-02T10:57:44.8995360+06:00"
2021-09-02 10:58:09.831 +06:00 [INF] Worker running at: "2021-09-02T10:58:09.8313880+06:00"
2021-09-02 10:58:36.004 +06:00 [INF] Worker running at: "2021-09-02T10:58:36.0046121+06:00"
2021-09-02 10:59:06.136 +06:00 [INF] Worker running at: "2021-09-02T10:59:06.1362735+06:00"
2021-09-02 10:59:36.136 +06:00 [INF] Worker running at: "2021-09-02T10:59:36.1363429+06:00"
2021-09-02 11:00:07.561 +06:00 [INF] Worker running at: "2021-09-02T11:00:07.5619426+06:00"
2021-09-02 11:00:47.429 +06:00 [INF] Worker running at: "2021-09-02T11:00:47.4288962+06:00"
2021-09-02 11:01:26.722 +06:00 [INF] Worker running at: "2021-09-02T11:01:26.7220813+06:00"
2021-09-02 11:02:04.281 +06:00 [INF] Worker running at: "2021-09-02T11:02:04.2813102+06:00"
2021-09-02 11:02:42.868 +06:00 [INF] Worker running at: "2021-09-02T11:02:42.8685058+06:00"
2021-09-02 11:03:30.409 +06:00 [INF] Worker running at: "2021-09-02T11:03:30.4096950+06:00"
2021-09-02 11:27:37.908 +06:00 [INF] Application Starting up
2021-09-02 11:33:59.317 +06:00 [INF] Application Starting up
2021-09-02 11:34:06.811 +06:00 [FTL] Application start-up failed
Microsoft.EntityFrameworkCore.DbUpdateException: An error occurred while updating the entries. See the inner exception for details.
 ---> Microsoft.Data.SqlClient.SqlException (0x80131904): Invalid object name 'StockPrices'.
   at Microsoft.Data.SqlClient.SqlConnection.OnError(SqlException exception, Boolean breakConnection, Action`1 wrapCloseInAction)
   at Microsoft.Data.SqlClient.SqlInternalConnection.OnError(SqlException exception, Boolean breakConnection, Action`1 wrapCloseInAction)
   at Microsoft.Data.SqlClient.TdsParser.ThrowExceptionAndWarning(TdsParserStateObject stateObj, Boolean callerHasConnectionLock, Boolean asyncClose)
   at Microsoft.Data.SqlClient.TdsParser.TryRun(RunBehavior runBehavior, SqlCommand cmdHandler, SqlDataReader dataStream, BulkCopySimpleResultSet bulkCopyHandler, TdsParserStateObject stateObj, Boolean& dataReady)
   at Microsoft.Data.SqlClient.SqlDataReader.TryConsumeMetaData()
   at Microsoft.Data.SqlClient.SqlDataReader.get_MetaData()
   at Microsoft.Data.SqlClient.SqlCommand.FinishExecuteReader(SqlDataReader ds, RunBehavior runBehavior, String resetOptionsString, Boolean isInternal, Boolean forDescribeParameterEncryption, Boolean shouldCacheForAlwaysEncrypted)
   at Microsoft.Data.SqlClient.SqlCommand.RunExecuteReaderTds(CommandBehavior cmdBehavior, RunBehavior runBehavior, Boolean returnStream, Boolean isAsync, Int32 timeout, Task& task, Boolean asyncWrite, Boolean inRetry, SqlDataReader ds, Boolean describeParameterEncryptionRequest)
   at Microsoft.Data.SqlClient.SqlCommand.RunExecuteReader(CommandBehavior cmdBehavior, RunBehavior runBehavior, Boolean returnStream, TaskCompletionSource`1 completion, Int32 timeout, Task& task, Boolean& usedCache, Boolean asyncWrite, Boolean inRetry, String method)
   at Microsoft.Data.SqlClient.SqlCommand.RunExecuteReader(CommandBehavior cmdBehavior, RunBehavior runBehavior, Boolean returnStream, String method)
   at Microsoft.Data.SqlClient.SqlCommand.ExecuteReader(CommandBehavior behavior)
   at Microsoft.Data.SqlClient.SqlCommand.ExecuteDbDataReader(CommandBehavior behavior)
   at System.Data.Common.DbCommand.ExecuteReader()
   at Microsoft.EntityFrameworkCore.Storage.RelationalCommand.ExecuteReader(RelationalCommandParameterObject parameterObject)
   at Microsoft.EntityFrameworkCore.Update.ReaderModificationCommandBatch.Execute(IRelationalConnection connection)
ClientConnectionId:22b86424-6112-4499-9db9-921a2a1db4ac
Error Number:208,State:1,Class:16
   --- End of inner exception stack trace ---
   at Microsoft.EntityFrameworkCore.Update.ReaderModificationCommandBatch.Execute(IRelationalConnection connection)
   at Microsoft.EntityFrameworkCore.Update.Internal.BatchExecutor.Execute(IEnumerable`1 commandBatches, IRelationalConnection connection)
   at Microsoft.EntityFrameworkCore.Storage.RelationalDatabase.SaveChanges(IList`1 entries)
   at Microsoft.EntityFrameworkCore.ChangeTracking.Internal.StateManager.SaveChanges(IList`1 entriesToSave)
   at Microsoft.EntityFrameworkCore.ChangeTracking.Internal.StateManager.SaveChanges(DbContext _, Boolean acceptAllChangesOnSuccess)
   at Microsoft.EntityFrameworkCore.SqlServer.Storage.Internal.SqlServerExecutionStrategy.Execute[TState,TResult](TState state, Func`3 operation, Func`3 verifySucceeded)
   at Microsoft.EntityFrameworkCore.ChangeTracking.Internal.StateManager.SaveChanges(Boolean acceptAllChangesOnSuccess)
   at Microsoft.EntityFrameworkCore.DbContext.SaveChanges(Boolean acceptAllChangesOnSuccess)
   at Microsoft.EntityFrameworkCore.DbContext.SaveChanges()
   at StockData.Data.UnitOfWork.Save() in G:\ASP.NET\StockData\StockData.Data\UnitOfWork.cs:line 15
   at StockData.Stock.Services.StockPriceService.Create(StockPrice stockPrice) in G:\ASP.NET\StockData\StockData.Stock\Services\StockPriceService.cs:line 38
   at StockData.Worker.DataStores.StockDataStore.GetStockData() in G:\ASP.NET\StockData\StockData.Worker\DataStores\StockDataStore.cs:line 56
   at StockData.Worker.Worker.ExecuteAsync(CancellationToken stoppingToken) in G:\ASP.NET\StockData\StockData.Worker\Worker.cs:line 34
   at Microsoft.Extensions.Hosting.Internal.Host.StartAsync(CancellationToken cancellationToken)
   at Microsoft.Extensions.Hosting.HostingAbstractionsHostExtensions.RunAsync(IHost host, CancellationToken token)
   at Microsoft.Extensions.Hosting.HostingAbstractionsHostExtensions.RunAsync(IHost host, CancellationToken token)
   at Microsoft.Extensions.Hosting.HostingAbstractionsHostExtensions.Run(IHost host)
   at StockData.Worker.Program.Main(String[] args) in G:\ASP.NET\StockData\StockData.Worker\Program.cs:line 41
2021-09-02 11:37:55.589 +06:00 [INF] Application Starting up
2021-09-02 11:38:06.965 +06:00 [INF] Worker running at: "2021-09-02T11:38:06.9599375+06:00"
2021-09-02 11:46:16.264 +06:00 [INF] Application Starting up
2021-09-02 11:46:41.965 +06:00 [FTL] Application start-up failed
System.Net.WebException: A connection attempt failed because the connected party did not properly respond after a period of time, or established connection failed because connected host has failed to respond. [::ffff:202.84.39.41]:443 (www.dse.com.bd:443)
 ---> System.Net.Http.HttpRequestException: A connection attempt failed because the connected party did not properly respond after a period of time, or established connection failed because connected host has failed to respond. [::ffff:202.84.39.41]:443 (www.dse.com.bd:443)
 ---> System.Net.Internals.SocketExceptionFactory+ExtendedSocketException (10060): A connection attempt failed because the connected party did not properly respond after a period of time, or established connection failed because connected host has failed to respond. [::ffff:202.84.39.41]:443
   at System.Net.Sockets.Socket.DoConnect(EndPoint endPointSnapshot, SocketAddress socketAddress)
   at System.Net.Sockets.Socket.Connect(EndPoint remoteEP)
   at System.Net.Sockets.Socket.Connect(IPAddress[] addresses, Int32 port)
--- End of stack trace from previous location ---
   at System.Net.Sockets.Socket.Connect(IPAddress[] addresses, Int32 port)
   at System.Net.Sockets.Socket.Connect(String host, Int32 port)
   at System.Net.Sockets.Socket.Connect(EndPoint remoteEP)
   at System.Net.Http.ConnectHelper.Connect(String host, Int32 port, CancellationToken cancellationToken)
   --- End of inner exception stack trace ---
   at System.Net.Http.ConnectHelper.Connect(String host, Int32 port, CancellationToken cancellationToken)
   at System.Net.Http.HttpConnectionPool.ConnectToTcpHostAsync(String host, Int32 port, HttpRequestMessage initialRequest, Boolean async, CancellationToken cancellationToken)
--- End of stack trace from previous location ---
   at System.Net.Http.HttpConnectionPool.ConnectAsync(HttpRequestMessage request, Boolean async, CancellationToken cancellationToken)
   at System.Net.Http.HttpConnectionPool.CreateHttp11ConnectionAsync(HttpRequestMessage request, Boolean async, CancellationToken cancellationToken)
   at System.Net.Http.HttpConnectionPool.GetHttpConnectionAsync(HttpRequestMessage request, Boolean async, CancellationToken cancellationToken)
   at System.Net.Http.HttpConnectionPool.SendWithRetryAsync(HttpRequestMessage request, Boolean async, Boolean doRequestAuth, CancellationToken cancellationToken)
   at System.Net.Http.RedirectHandler.SendAsync(HttpRequestMessage request, Boolean async, CancellationToken cancellationToken)
   at System.Net.Http.HttpMessageHandlerStage.Send(HttpRequestMessage request, CancellationToken cancellationToken)
   at System.Net.Http.SocketsHttpHandler.Send(HttpRequestMessage request, CancellationToken cancellationToken)
   at System.Net.Http.HttpClientHandler.Send(HttpRequestMessage request, CancellationToken cancellationToken)
   at System.Net.Http.HttpMessageInvoker.Send(HttpRequestMessage request, CancellationToken cancellationToken)
   at System.Net.Http.HttpClient.SendAsyncCore(HttpRequestMessage request, HttpCompletionOption completionOption, Boolean async, Boolean emitTelemetryStartStop, CancellationToken cancellationToken)
   at System.Net.Http.HttpClient.Send(HttpRequestMessage request, HttpCompletionOption completionOption, CancellationToken cancellationToken)
   at System.Net.HttpWebRequest.SendRequest(Boolean async)
   at System.Net.HttpWebRequest.GetResponse()
   --- End of inner exception stack trace ---
   at System.Net.HttpWebRequest.GetResponse()
   at HtmlAgilityPack.HtmlWeb.Get(Uri uri, String method, String path, HtmlDocument doc, IWebProxy proxy, ICredentials creds)
   at HtmlAgilityPack.HtmlWeb.LoadUrl(Uri uri, String method, WebProxy proxy, NetworkCredential creds)
   at HtmlAgilityPack.HtmlWeb.Load(Uri uri, String method)
   at HtmlAgilityPack.HtmlWeb.Load(String url, String method)
   at HtmlAgilityPack.HtmlWeb.Load(String url)
   at StockData.Worker.DataStores.StockDataStore.GetStockData() in G:\aspnetb5\StockData\StockData.Worker\DataStores\StockDataStore.cs:line 29
   at StockData.Worker.Worker.ExecuteAsync(CancellationToken stoppingToken) in G:\aspnetb5\StockData\StockData.Worker\Worker.cs:line 34
   at Microsoft.Extensions.Hosting.Internal.Host.StartAsync(CancellationToken cancellationToken)
   at Microsoft.Extensions.Hosting.HostingAbstractionsHostExtensions.RunAsync(IHost host, CancellationToken token)
   at Microsoft.Extensions.Hosting.HostingAbstractionsHostExtensions.RunAsync(IHost host, CancellationToken token)
   at Microsoft.Extensions.Hosting.HostingAbstractionsHostExtensions.Run(IHost host)
   at StockData.Worker.Program.Main(String[] args) in G:\aspnetb5\StockData\StockData.Worker\Program.cs:line 41
2021-09-02 11:59:59.151 +06:00 [INF] Application Starting up
2021-09-02 12:00:12.570 +06:00 [INF] Worker running at: "2021-09-02T12:00:12.5605808+06:00"
2021-09-02 12:01:21.582 +06:00 [INF] Worker running at: "2021-09-02T12:01:21.5820723+06:00"
2021-09-02 12:02:34.409 +06:00 [INF] Worker running at: "2021-09-02T12:02:34.4097078+06:00"
2021-09-02 12:03:46.761 +06:00 [INF] Worker running at: "2021-09-02T12:03:46.7615152+06:00"
2021-09-02 12:04:57.584 +06:00 [INF] Worker running at: "2021-09-02T12:04:57.5846799+06:00"
2021-09-02 12:06:09.792 +06:00 [INF] Worker running at: "2021-09-02T12:06:09.7923782+06:00"
2021-09-02 12:07:23.828 +06:00 [INF] Worker running at: "2021-09-02T12:07:23.8282633+06:00"
2021-09-02 12:08:40.344 +06:00 [INF] Worker running at: "2021-09-02T12:08:40.3445549+06:00"
2021-09-02 12:09:57.362 +06:00 [INF] Worker running at: "2021-09-02T12:09:57.3623640+06:00"
2021-09-02 12:11:15.309 +06:00 [INF] Worker running at: "2021-09-02T12:11:15.3098653+06:00"
2021-09-02 12:12:35.006 +06:00 [INF] Worker running at: "2021-09-02T12:12:35.0062805+06:00"
2021-09-02 12:13:55.787 +06:00 [INF] Worker running at: "2021-09-02T12:13:55.7876282+06:00"
2021-09-02 12:15:29.854 +06:00 [INF] Worker running at: "2021-09-02T12:15:29.8540973+06:00"
