2021-07-12 01:53:25.167 +06:00 [INF] Application Starting up
2021-07-12 01:57:57.396 +06:00 [INF] Application Starting up
2021-07-12 01:58:26.455 +06:00 [ERR] Course Creation Failed
Microsoft.EntityFrameworkCore.DbUpdateException: An error occurred while updating the entries. See the inner exception for details.
 ---> Microsoft.Data.SqlClient.SqlException (0x80131904): Invalid column name 'TeacherId'.
   at Microsoft.Data.SqlClient.SqlConnection.OnError(SqlException exception, Boolean breakConnection, Action`1 wrapCloseInAction)
   at Microsoft.Data.SqlClient.SqlInternalConnection.OnError(SqlException exception, Boolean breakConnection, Action`1 wrapCloseInAction)
   at Microsoft.Data.SqlClient.TdsParser.ThrowExceptionAndWarning(TdsParserStateObject stateObj, Boolean callerHasConnectionLock, Boolean asyncClose)
   at Microsoft.Data.SqlClient.TdsParser.TryRun(RunBehavior runBehavior, SqlCommand cmdHandler, SqlDataReader dataStream, BulkCopySimpleResultSet bulkCopyHandler, TdsParserStateObject stateObj, Boolean& dataReady)
   at Microsoft.Data.SqlClient.SqlDataReader.TryConsumeMetaData()
   at Microsoft.Data.SqlClient.SqlDataReader.get_MetaData()
   at Microsoft.Data.SqlClient.SqlCommand.FinishExecuteReader(SqlDataReader ds, RunBehavior runBehavior, String resetOptionsString, Boolean isInternal, Boolean forDescribeParameterEncryption, Boolean shouldCacheForAlwaysEncrypted)
   at Microsoft.Data.SqlClient.SqlCommand.RunExecuteReaderTds(CommandBehavior cmdBehavior, RunBehavior runBehavior, Boolean returnStream, Boolean isAsync, Int32 timeout, Task& task, Boolean asyncWrite, Boolean inRetry, SqlDataReader ds, Boolean describeParameterEncryptionRequest)
   at Microsoft.Data.SqlClient.SqlCommand.RunExecuteReader(CommandBehavior cmdBehavior, RunBehavior runBehavior, Boolean returnStream, TaskCompletionSource`1 completion, Int32 timeout, Task& task, Boolean& usedCache, Boolean asyncWrite, Boolean inRetry, String method)
   at Microsoft.Data.SqlClient.SqlCommand.RunExecuteReader(CommandBehavior cmdBehavior, RunBehavior runBehavior, Boolean returnStream, String method)
   at Microsoft.Data.SqlClient.SqlCommand.ExecuteReader(CommandBehavior behavior)
   at Microsoft.Data.SqlClient.SqlCommand.ExecuteDbDataReader(CommandBehavior behavior)
   at System.Data.Common.DbCommand.ExecuteReader()
   at Microsoft.EntityFrameworkCore.Storage.RelationalCommand.ExecuteReader(RelationalCommandParameterObject parameterObject)
   at Microsoft.EntityFrameworkCore.Update.ReaderModificationCommandBatch.Execute(IRelationalConnection connection)
ClientConnectionId:679adf79-11de-4189-a7bc-54600c9cd0ab
Error Number:207,State:1,Class:16
   --- End of inner exception stack trace ---
   at Microsoft.EntityFrameworkCore.Update.ReaderModificationCommandBatch.Execute(IRelationalConnection connection)
   at Microsoft.EntityFrameworkCore.Update.Internal.BatchExecutor.Execute(IEnumerable`1 commandBatches, IRelationalConnection connection)
   at Microsoft.EntityFrameworkCore.Storage.RelationalDatabase.SaveChanges(IList`1 entries)
   at Microsoft.EntityFrameworkCore.ChangeTracking.Internal.StateManager.SaveChanges(IList`1 entriesToSave)
   at Microsoft.EntityFrameworkCore.ChangeTracking.Internal.StateManager.SaveChanges(DbContext _, Boolean acceptAllChangesOnSuccess)
   at Microsoft.EntityFrameworkCore.SqlServer.Storage.Internal.SqlServerExecutionStrategy.Execute[TState,TResult](TState state, Func`3 operation, Func`3 verifySucceeded)
   at Microsoft.EntityFrameworkCore.ChangeTracking.Internal.StateManager.SaveChanges(Boolean acceptAllChangesOnSuccess)
   at Microsoft.EntityFrameworkCore.DbContext.SaveChanges(Boolean acceptAllChangesOnSuccess)
   at Microsoft.EntityFrameworkCore.DbContext.SaveChanges()
   at ForEntityFrameWork.Data.UnitOfWork.Save() in G:\ASP.NET\ForEntityFrameWork\ForeEntityFrameWork.Data\UnitOfWork.cs:line 15
   at ForEntityFrameWork.Training.Services.CourseService.CreateCourse(Course course) in G:\ASP.NET\ForEntityFrameWork\ForEntityFrameWork.Training\Services\CourseService.cs:line 59
   at ForEntityFrameWork.Areas.Admin.Models.CreateCourseModel.Create() in G:\ASP.NET\ForEntityFrameWork\ForEntityFrameWork\Areas\Admin\Models\CreateCourseModel.cs:line 32
   at ForEntityFrameWork.Areas.Admin.Controllers.CourseController.Create(CreateCourseModel courseModel) in G:\ASP.NET\ForEntityFrameWork\ForEntityFrameWork\Areas\Admin\Controllers\CourseController.cs:line 38
2021-07-12 01:58:35.762 +06:00 [ERR] Course Creation Failed
System.InvalidOperationException: Start Date should be 30 days ahead
   at ForEntityFrameWork.Training.Services.CourseService.CreateCourse(Course course) in G:\ASP.NET\ForEntityFrameWork\ForEntityFrameWork.Training\Services\CourseService.cs:line 49
   at ForEntityFrameWork.Areas.Admin.Models.CreateCourseModel.Create() in G:\ASP.NET\ForEntityFrameWork\ForEntityFrameWork\Areas\Admin\Models\CreateCourseModel.cs:line 32
   at ForEntityFrameWork.Areas.Admin.Controllers.CourseController.Create(CreateCourseModel courseModel) in G:\ASP.NET\ForEntityFrameWork\ForEntityFrameWork\Areas\Admin\Controllers\CourseController.cs:line 38
2021-07-12 01:59:01.631 +06:00 [ERR] Course Creation Failed
System.InvalidOperationException: Start Date should be 30 days ahead
   at ForEntityFrameWork.Training.Services.CourseService.CreateCourse(Course course) in G:\ASP.NET\ForEntityFrameWork\ForEntityFrameWork.Training\Services\CourseService.cs:line 49
   at ForEntityFrameWork.Areas.Admin.Models.CreateCourseModel.Create() in G:\ASP.NET\ForEntityFrameWork\ForEntityFrameWork\Areas\Admin\Models\CreateCourseModel.cs:line 32
   at ForEntityFrameWork.Areas.Admin.Controllers.CourseController.Create(CreateCourseModel courseModel) in G:\ASP.NET\ForEntityFrameWork\ForEntityFrameWork\Areas\Admin\Controllers\CourseController.cs:line 38
2021-07-12 02:00:28.291 +06:00 [INF] Application Starting up
2021-07-12 02:00:52.906 +06:00 [ERR] Course Creation Failed
Microsoft.EntityFrameworkCore.DbUpdateException: An error occurred while updating the entries. See the inner exception for details.
 ---> Microsoft.Data.SqlClient.SqlException (0x80131904): Invalid column name 'TeacherId'.
   at Microsoft.Data.SqlClient.SqlConnection.OnError(SqlException exception, Boolean breakConnection, Action`1 wrapCloseInAction)
   at Microsoft.Data.SqlClient.SqlInternalConnection.OnError(SqlException exception, Boolean breakConnection, Action`1 wrapCloseInAction)
   at Microsoft.Data.SqlClient.TdsParser.ThrowExceptionAndWarning(TdsParserStateObject stateObj, Boolean callerHasConnectionLock, Boolean asyncClose)
   at Microsoft.Data.SqlClient.TdsParser.TryRun(RunBehavior runBehavior, SqlCommand cmdHandler, SqlDataReader dataStream, BulkCopySimpleResultSet bulkCopyHandler, TdsParserStateObject stateObj, Boolean& dataReady)
   at Microsoft.Data.SqlClient.SqlDataReader.TryConsumeMetaData()
   at Microsoft.Data.SqlClient.SqlDataReader.get_MetaData()
   at Microsoft.Data.SqlClient.SqlCommand.FinishExecuteReader(SqlDataReader ds, RunBehavior runBehavior, String resetOptionsString, Boolean isInternal, Boolean forDescribeParameterEncryption, Boolean shouldCacheForAlwaysEncrypted)
   at Microsoft.Data.SqlClient.SqlCommand.RunExecuteReaderTds(CommandBehavior cmdBehavior, RunBehavior runBehavior, Boolean returnStream, Boolean isAsync, Int32 timeout, Task& task, Boolean asyncWrite, Boolean inRetry, SqlDataReader ds, Boolean describeParameterEncryptionRequest)
   at Microsoft.Data.SqlClient.SqlCommand.RunExecuteReader(CommandBehavior cmdBehavior, RunBehavior runBehavior, Boolean returnStream, TaskCompletionSource`1 completion, Int32 timeout, Task& task, Boolean& usedCache, Boolean asyncWrite, Boolean inRetry, String method)
   at Microsoft.Data.SqlClient.SqlCommand.RunExecuteReader(CommandBehavior cmdBehavior, RunBehavior runBehavior, Boolean returnStream, String method)
   at Microsoft.Data.SqlClient.SqlCommand.ExecuteReader(CommandBehavior behavior)
   at Microsoft.Data.SqlClient.SqlCommand.ExecuteDbDataReader(CommandBehavior behavior)
   at System.Data.Common.DbCommand.ExecuteReader()
   at Microsoft.EntityFrameworkCore.Storage.RelationalCommand.ExecuteReader(RelationalCommandParameterObject parameterObject)
   at Microsoft.EntityFrameworkCore.Update.ReaderModificationCommandBatch.Execute(IRelationalConnection connection)
ClientConnectionId:d019125d-7da5-4b70-8446-2792bd8afd6f
Error Number:207,State:1,Class:16
   --- End of inner exception stack trace ---
   at Microsoft.EntityFrameworkCore.Update.ReaderModificationCommandBatch.Execute(IRelationalConnection connection)
   at Microsoft.EntityFrameworkCore.Update.Internal.BatchExecutor.Execute(IEnumerable`1 commandBatches, IRelationalConnection connection)
   at Microsoft.EntityFrameworkCore.Storage.RelationalDatabase.SaveChanges(IList`1 entries)
   at Microsoft.EntityFrameworkCore.ChangeTracking.Internal.StateManager.SaveChanges(IList`1 entriesToSave)
   at Microsoft.EntityFrameworkCore.ChangeTracking.Internal.StateManager.SaveChanges(DbContext _, Boolean acceptAllChangesOnSuccess)
   at Microsoft.EntityFrameworkCore.SqlServer.Storage.Internal.SqlServerExecutionStrategy.Execute[TState,TResult](TState state, Func`3 operation, Func`3 verifySucceeded)
   at Microsoft.EntityFrameworkCore.ChangeTracking.Internal.StateManager.SaveChanges(Boolean acceptAllChangesOnSuccess)
   at Microsoft.EntityFrameworkCore.DbContext.SaveChanges(Boolean acceptAllChangesOnSuccess)
   at Microsoft.EntityFrameworkCore.DbContext.SaveChanges()
   at ForEntityFrameWork.Data.UnitOfWork.Save() in G:\ASP.NET\ForEntityFrameWork\ForeEntityFrameWork.Data\UnitOfWork.cs:line 15
   at ForEntityFrameWork.Training.Services.CourseService.CreateCourse(Course course) in G:\ASP.NET\ForEntityFrameWork\ForEntityFrameWork.Training\Services\CourseService.cs:line 59
   at ForEntityFrameWork.Areas.Admin.Models.CreateCourseModel.Create() in G:\ASP.NET\ForEntityFrameWork\ForEntityFrameWork\Areas\Admin\Models\CreateCourseModel.cs:line 32
   at ForEntityFrameWork.Areas.Admin.Controllers.CourseController.Create(CreateCourseModel courseModel) in G:\ASP.NET\ForEntityFrameWork\ForEntityFrameWork\Areas\Admin\Controllers\CourseController.cs:line 38
2021-07-12 02:00:59.447 +06:00 [ERR] Course Creation Failed
Microsoft.EntityFrameworkCore.DbUpdateException: An error occurred while updating the entries. See the inner exception for details.
 ---> Microsoft.Data.SqlClient.SqlException (0x80131904): Invalid column name 'TeacherId'.
   at Microsoft.Data.SqlClient.SqlConnection.OnError(SqlException exception, Boolean breakConnection, Action`1 wrapCloseInAction)
   at Microsoft.Data.SqlClient.SqlInternalConnection.OnError(SqlException exception, Boolean breakConnection, Action`1 wrapCloseInAction)
   at Microsoft.Data.SqlClient.TdsParser.ThrowExceptionAndWarning(TdsParserStateObject stateObj, Boolean callerHasConnectionLock, Boolean asyncClose)
   at Microsoft.Data.SqlClient.TdsParser.TryRun(RunBehavior runBehavior, SqlCommand cmdHandler, SqlDataReader dataStream, BulkCopySimpleResultSet bulkCopyHandler, TdsParserStateObject stateObj, Boolean& dataReady)
   at Microsoft.Data.SqlClient.SqlDataReader.TryConsumeMetaData()
   at Microsoft.Data.SqlClient.SqlDataReader.get_MetaData()
   at Microsoft.Data.SqlClient.SqlCommand.FinishExecuteReader(SqlDataReader ds, RunBehavior runBehavior, String resetOptionsString, Boolean isInternal, Boolean forDescribeParameterEncryption, Boolean shouldCacheForAlwaysEncrypted)
   at Microsoft.Data.SqlClient.SqlCommand.RunExecuteReaderTds(CommandBehavior cmdBehavior, RunBehavior runBehavior, Boolean returnStream, Boolean isAsync, Int32 timeout, Task& task, Boolean asyncWrite, Boolean inRetry, SqlDataReader ds, Boolean describeParameterEncryptionRequest)
   at Microsoft.Data.SqlClient.SqlCommand.RunExecuteReader(CommandBehavior cmdBehavior, RunBehavior runBehavior, Boolean returnStream, TaskCompletionSource`1 completion, Int32 timeout, Task& task, Boolean& usedCache, Boolean asyncWrite, Boolean inRetry, String method)
   at Microsoft.Data.SqlClient.SqlCommand.RunExecuteReader(CommandBehavior cmdBehavior, RunBehavior runBehavior, Boolean returnStream, String method)
   at Microsoft.Data.SqlClient.SqlCommand.ExecuteReader(CommandBehavior behavior)
   at Microsoft.Data.SqlClient.SqlCommand.ExecuteDbDataReader(CommandBehavior behavior)
   at System.Data.Common.DbCommand.ExecuteReader()
   at Microsoft.EntityFrameworkCore.Storage.RelationalCommand.ExecuteReader(RelationalCommandParameterObject parameterObject)
   at Microsoft.EntityFrameworkCore.Update.ReaderModificationCommandBatch.Execute(IRelationalConnection connection)
ClientConnectionId:d019125d-7da5-4b70-8446-2792bd8afd6f
Error Number:207,State:1,Class:16
   --- End of inner exception stack trace ---
   at Microsoft.EntityFrameworkCore.Update.ReaderModificationCommandBatch.Execute(IRelationalConnection connection)
   at Microsoft.EntityFrameworkCore.Update.Internal.BatchExecutor.Execute(IEnumerable`1 commandBatches, IRelationalConnection connection)
   at Microsoft.EntityFrameworkCore.Storage.RelationalDatabase.SaveChanges(IList`1 entries)
   at Microsoft.EntityFrameworkCore.ChangeTracking.Internal.StateManager.SaveChanges(IList`1 entriesToSave)
   at Microsoft.EntityFrameworkCore.ChangeTracking.Internal.StateManager.SaveChanges(DbContext _, Boolean acceptAllChangesOnSuccess)
   at Microsoft.EntityFrameworkCore.SqlServer.Storage.Internal.SqlServerExecutionStrategy.Execute[TState,TResult](TState state, Func`3 operation, Func`3 verifySucceeded)
   at Microsoft.EntityFrameworkCore.ChangeTracking.Internal.StateManager.SaveChanges(Boolean acceptAllChangesOnSuccess)
   at Microsoft.EntityFrameworkCore.DbContext.SaveChanges(Boolean acceptAllChangesOnSuccess)
   at Microsoft.EntityFrameworkCore.DbContext.SaveChanges()
   at ForEntityFrameWork.Data.UnitOfWork.Save() in G:\ASP.NET\ForEntityFrameWork\ForeEntityFrameWork.Data\UnitOfWork.cs:line 15
   at ForEntityFrameWork.Training.Services.CourseService.CreateCourse(Course course) in G:\ASP.NET\ForEntityFrameWork\ForEntityFrameWork.Training\Services\CourseService.cs:line 59
   at ForEntityFrameWork.Areas.Admin.Models.CreateCourseModel.Create() in G:\ASP.NET\ForEntityFrameWork\ForEntityFrameWork\Areas\Admin\Models\CreateCourseModel.cs:line 32
   at ForEntityFrameWork.Areas.Admin.Controllers.CourseController.Create(CreateCourseModel courseModel) in G:\ASP.NET\ForEntityFrameWork\ForEntityFrameWork\Areas\Admin\Controllers\CourseController.cs:line 38
2021-07-12 02:02:22.036 +06:00 [INF] Application Starting up
2021-07-12 02:04:32.707 +06:00 [INF] Application Starting up
2021-07-12 02:06:05.724 +06:00 [ERR] Course Creation Failed
System.InvalidOperationException: Start Date should be 30 days ahead
   at ForEntityFrameWork.Training.Services.CourseService.CreateCourse(Course course) in G:\ASP.NET\ForEntityFrameWork\ForEntityFrameWork.Training\Services\CourseService.cs:line 49
   at ForEntityFrameWork.Areas.Admin.Models.CreateCourseModel.Create() in G:\ASP.NET\ForEntityFrameWork\ForEntityFrameWork\Areas\Admin\Models\CreateCourseModel.cs:line 32
   at ForEntityFrameWork.Areas.Admin.Controllers.CourseController.Create(CreateCourseModel courseModel) in G:\ASP.NET\ForEntityFrameWork\ForEntityFrameWork\Areas\Admin\Controllers\CourseController.cs:line 38
2021-07-12 11:26:24.889 +06:00 [INF] Application Starting up
2021-07-12 12:08:24.789 +06:00 [INF] Application Starting up
2021-07-12 12:11:00.911 +06:00 [INF] Application Starting up
2021-07-12 12:12:52.468 +06:00 [INF] Application Starting up
2021-07-12 12:14:25.191 +06:00 [INF] Application Starting up
2021-07-12 17:59:56.726 +06:00 [INF] Application Starting up
2021-07-12 21:08:49.984 +06:00 [INF] Application Starting up
2021-07-12 21:15:57.984 +06:00 [INF] Application Starting up
2021-07-12 21:17:24.077 +06:00 [INF] Application Starting up
2021-07-12 21:18:12.035 +06:00 [ERR] Course Creation Failed
Microsoft.EntityFrameworkCore.DbUpdateException: An error occurred while updating the entries. See the inner exception for details.
 ---> Microsoft.Data.SqlClient.SqlException (0x80131904): The INSERT statement conflicted with the FOREIGN KEY constraint "FK_Courses_Teacher_TeacherId". The conflict occurred in database "AspnetCoreB5", table "dbo.Teacher", column 'Id'.
The statement has been terminated.
   at Microsoft.Data.SqlClient.SqlConnection.OnError(SqlException exception, Boolean breakConnection, Action`1 wrapCloseInAction)
   at Microsoft.Data.SqlClient.SqlInternalConnection.OnError(SqlException exception, Boolean breakConnection, Action`1 wrapCloseInAction)
   at Microsoft.Data.SqlClient.TdsParser.ThrowExceptionAndWarning(TdsParserStateObject stateObj, Boolean callerHasConnectionLock, Boolean asyncClose)
   at Microsoft.Data.SqlClient.TdsParser.TryRun(RunBehavior runBehavior, SqlCommand cmdHandler, SqlDataReader dataStream, BulkCopySimpleResultSet bulkCopyHandler, TdsParserStateObject stateObj, Boolean& dataReady)
   at Microsoft.Data.SqlClient.SqlDataReader.TryConsumeMetaData()
   at Microsoft.Data.SqlClient.SqlDataReader.get_MetaData()
   at Microsoft.Data.SqlClient.SqlCommand.FinishExecuteReader(SqlDataReader ds, RunBehavior runBehavior, String resetOptionsString, Boolean isInternal, Boolean forDescribeParameterEncryption, Boolean shouldCacheForAlwaysEncrypted)
   at Microsoft.Data.SqlClient.SqlCommand.RunExecuteReaderTds(CommandBehavior cmdBehavior, RunBehavior runBehavior, Boolean returnStream, Boolean isAsync, Int32 timeout, Task& task, Boolean asyncWrite, Boolean inRetry, SqlDataReader ds, Boolean describeParameterEncryptionRequest)
   at Microsoft.Data.SqlClient.SqlCommand.RunExecuteReader(CommandBehavior cmdBehavior, RunBehavior runBehavior, Boolean returnStream, TaskCompletionSource`1 completion, Int32 timeout, Task& task, Boolean& usedCache, Boolean asyncWrite, Boolean inRetry, String method)
   at Microsoft.Data.SqlClient.SqlCommand.RunExecuteReader(CommandBehavior cmdBehavior, RunBehavior runBehavior, Boolean returnStream, String method)
   at Microsoft.Data.SqlClient.SqlCommand.ExecuteReader(CommandBehavior behavior)
   at Microsoft.Data.SqlClient.SqlCommand.ExecuteDbDataReader(CommandBehavior behavior)
   at System.Data.Common.DbCommand.ExecuteReader()
   at Microsoft.EntityFrameworkCore.Storage.RelationalCommand.ExecuteReader(RelationalCommandParameterObject parameterObject)
   at Microsoft.EntityFrameworkCore.Update.ReaderModificationCommandBatch.Execute(IRelationalConnection connection)
ClientConnectionId:a7799e92-0f99-4a20-ae87-54d62b470a75
Error Number:547,State:0,Class:16
   --- End of inner exception stack trace ---
   at Microsoft.EntityFrameworkCore.Update.ReaderModificationCommandBatch.Execute(IRelationalConnection connection)
   at Microsoft.EntityFrameworkCore.Update.Internal.BatchExecutor.Execute(IEnumerable`1 commandBatches, IRelationalConnection connection)
   at Microsoft.EntityFrameworkCore.Storage.RelationalDatabase.SaveChanges(IList`1 entries)
   at Microsoft.EntityFrameworkCore.ChangeTracking.Internal.StateManager.SaveChanges(IList`1 entriesToSave)
   at Microsoft.EntityFrameworkCore.ChangeTracking.Internal.StateManager.SaveChanges(DbContext _, Boolean acceptAllChangesOnSuccess)
   at Microsoft.EntityFrameworkCore.SqlServer.Storage.Internal.SqlServerExecutionStrategy.Execute[TState,TResult](TState state, Func`3 operation, Func`3 verifySucceeded)
   at Microsoft.EntityFrameworkCore.ChangeTracking.Internal.StateManager.SaveChanges(Boolean acceptAllChangesOnSuccess)
   at Microsoft.EntityFrameworkCore.DbContext.SaveChanges(Boolean acceptAllChangesOnSuccess)
   at Microsoft.EntityFrameworkCore.DbContext.SaveChanges()
   at ForEntityFrameWork.Data.UnitOfWork.Save() in G:\ASP.NET\ForEntityFrameWork\ForeEntityFrameWork.Data\UnitOfWork.cs:line 15
   at ForEntityFrameWork.Training.Services.CourseService.CreateCourse(Course course) in G:\ASP.NET\ForEntityFrameWork\ForEntityFrameWork.Training\Services\CourseService.cs:line 59
   at ForEntityFrameWork.Areas.Admin.Models.CreateCourseModel.Create() in G:\ASP.NET\ForEntityFrameWork\ForEntityFrameWork\Areas\Admin\Models\CreateCourseModel.cs:line 32
   at ForEntityFrameWork.Areas.Admin.Controllers.StudentController.Create(CreateCourseModel createCourseModel) in G:\ASP.NET\ForEntityFrameWork\ForEntityFrameWork\Areas\Admin\Controllers\StudentController.cs:line 37
2021-07-12 21:22:04.782 +06:00 [INF] Application Starting up
