2021-08-17 16:05:48.687 +06:00 [INF] Application Starting up
2021-08-17 16:06:53.043 +06:00 [INF] Application Starting up
2021-08-17 16:11:12.400 +06:00 [INF] Application Starting up
2021-08-17 16:11:58.461 +06:00 [INF] Application Starting up
2021-08-17 16:14:05.062 +06:00 [INF] Application Starting up
2021-08-17 16:17:10.422 +06:00 [INF] Application Starting up
2021-08-17 16:19:58.868 +06:00 [INF] Application Starting up
2021-08-17 16:22:39.477 +06:00 [INF] User created a new account with password.
2021-08-17 16:27:17.998 +06:00 [INF] Application Starting up
2021-08-17 16:28:05.788 +06:00 [WRN] User cannot sign in without a confirmed account.
2021-08-17 16:28:32.030 +06:00 [INF] Application Starting up
2021-08-17 16:28:53.459 +06:00 [WRN] User cannot sign in without a confirmed account.
2021-08-17 16:31:47.638 +06:00 [INF] Application Starting up
2021-08-17 16:33:41.376 +06:00 [INF] User created a new account with password.
2021-08-17 16:35:36.526 +06:00 [INF] Application Starting up
2021-08-17 16:41:15.381 +06:00 [INF] Application Starting up
2021-08-17 16:41:41.941 +06:00 [INF] User created a new account with password.
2021-08-17 16:42:30.762 +06:00 [INF] Application Starting up
2021-08-17 16:42:56.290 +06:00 [WRN] User cannot sign in without a confirmed account.
2021-08-17 16:47:00.414 +06:00 [INF] Application Starting up
2021-08-17 16:48:05.573 +06:00 [INF] User created a new account with password.
2021-08-17 16:54:55.745 +06:00 [INF] Application Starting up
2021-08-17 16:55:24.303 +06:00 [WRN] User validation failed: DuplicateUserName.
2021-08-17 16:55:58.366 +06:00 [INF] User created a new account with password.
2021-08-17 16:56:11.858 +06:00 [WRN] User cannot sign in without a confirmed account.
2021-08-17 16:59:42.751 +06:00 [INF] Application Starting up
2021-08-17 17:00:19.787 +06:00 [WRN] User validation failed: DuplicateUserName.
2021-08-17 17:01:15.253 +06:00 [INF] Application Starting up
2021-08-17 17:02:59.811 +06:00 [INF] Application Starting up
2021-08-17 17:08:36.294 +06:00 [INF] Application Starting up
2021-08-17 17:09:30.182 +06:00 [INF] User created a new account with password.
2021-08-17 17:10:57.523 +06:00 [WRN] User cannot sign in without a confirmed account.
2021-08-17 17:11:46.993 +06:00 [INF] Application Starting up
2021-08-17 17:12:45.752 +06:00 [WRN] User cannot sign in without a confirmed account.
2021-08-17 17:13:12.110 +06:00 [INF] Application Starting up
2021-08-17 17:13:49.932 +06:00 [WRN] User cannot sign in without a confirmed account.
2021-08-17 17:16:00.144 +06:00 [INF] Application Starting up
2021-08-17 17:17:47.107 +06:00 [WRN] User cannot sign in without a confirmed account.
2021-08-17 17:26:18.375 +06:00 [INF] Application Starting up
2021-08-17 17:30:16.398 +06:00 [INF] Application Starting up
2021-08-17 17:30:54.150 +06:00 [INF] User created a new account with password.
2021-08-17 17:32:17.941 +06:00 [INF] Application Starting up
2021-08-17 17:33:10.639 +06:00 [INF] User logged in.
